--- Copying files at Tue Oct 20 06:23:04 UTC 2020
--- Copying files at Wed Oct 21 12:59:16 UTC 2020
--- Copying files at Wed Oct 21 14:30:46 UTC 2020
--- Copying files at Wed Oct 21 14:58:14 UTC 2020
--- Copying files at Wed Oct 21 15:20:35 UTC 2020
--- Copying files at Thu Oct 22 06:40:25 UTC 2020
--- Copying files at Thu Oct 22 14:04:02 UTC 2020
--- Copying files at Fri Oct 23 04:56:51 UTC 2020
--- Copying files at Fri Oct 23 10:17:25 UTC 2020
--- Copying files at Mon Oct 26 04:10:57 UTC 2020
--- Copying files at Mon Oct 26 09:48:29 UTC 2020
--- Copying files at Mon Oct 26 13:28:37 UTC 2020
--- Copying files at Tue Oct 27 10:18:05 UTC 2020
--- Copying files at Mon Nov  2 10:04:48 UTC 2020
--- Copying files at Mon Nov  2 14:20:01 UTC 2020
--- Copying files at Mon Nov  2 16:34:12 UTC 2020
--- Copying files at Tue Nov  3 10:16:41 UTC 2020
--- Copying files at Wed Nov  4 09:31:54 UTC 2020
--- Copying files at Wed Nov  4 16:35:44 UTC 2020
--- Copying files at Thu Nov  5 05:31:00 UTC 2020
