Started at Thu Nov 05 05:34:05 UTC 2020
Processing msapractice
Offering msapractice to Project Build Discarder
Processing pipelinetest
Offering pipelinetest to Project Build Discarder
Processing pipelinetest2
Offering pipelinetest2 to Project Build Discarder
Processing pipelinetest3
Offering pipelinetest3 to Project Build Discarder
Finished at Thu Nov 05 05:34:05 UTC 2020. 28ms
Started at Thu Nov 05 06:34:05 UTC 2020
Processing msapractice
Offering msapractice to Project Build Discarder
Processing pipelinetest
Offering pipelinetest to Project Build Discarder
Processing pipelinetest2
Offering pipelinetest2 to Project Build Discarder
Processing pipelinetest3
Offering pipelinetest3 to Project Build Discarder
Finished at Thu Nov 05 06:34:05 UTC 2020. 25ms
Started at Thu Nov 05 07:34:05 UTC 2020
Processing msapractice
Offering msapractice to Project Build Discarder
Processing pipelinetest
Offering pipelinetest to Project Build Discarder
Processing pipelinetest2
Offering pipelinetest2 to Project Build Discarder
Processing pipelinetest3
Offering pipelinetest3 to Project Build Discarder
Finished at Thu Nov 05 07:34:05 UTC 2020. 1ms
Started at Thu Nov 05 08:34:05 UTC 2020
Processing msapractice
Offering msapractice to Project Build Discarder
Processing pipelinetest
Offering pipelinetest to Project Build Discarder
Processing pipelinetest2
Offering pipelinetest2 to Project Build Discarder
Processing pipelinetest3
Offering pipelinetest3 to Project Build Discarder
Finished at Thu Nov 05 08:34:05 UTC 2020. 3ms
Started at Thu Nov 05 09:34:05 UTC 2020
Processing msapractice
Offering msapractice to Project Build Discarder
Processing pipelinetest
Offering pipelinetest to Project Build Discarder
Processing pipelinetest2
Offering pipelinetest2 to Project Build Discarder
Processing pipelinetest3
Offering pipelinetest3 to Project Build Discarder
Finished at Thu Nov 05 09:34:05 UTC 2020. 12ms
Started at Thu Nov 05 10:34:05 UTC 2020
Processing msapractice
Offering msapractice to Project Build Discarder
Processing pipelinetest
Offering pipelinetest to Project Build Discarder
Processing pipelinetest2
Offering pipelinetest2 to Project Build Discarder
Processing pipelinetest3
Offering pipelinetest3 to Project Build Discarder
Finished at Thu Nov 05 10:34:05 UTC 2020. 1ms
Started at Thu Nov 05 11:34:05 UTC 2020
Processing msapractice
Offering msapractice to Project Build Discarder
Processing pipelinetest
Offering pipelinetest to Project Build Discarder
Processing pipelinetest2
Offering pipelinetest2 to Project Build Discarder
Processing pipelinetest3
Offering pipelinetest3 to Project Build Discarder
Finished at Thu Nov 05 11:34:05 UTC 2020. 9ms
Started at Thu Nov 05 12:34:05 UTC 2020
Processing msapractice
Offering msapractice to Project Build Discarder
Processing pipelinetest
Offering pipelinetest to Project Build Discarder
Processing pipelinetest2
Offering pipelinetest2 to Project Build Discarder
Processing pipelinetest3
Offering pipelinetest3 to Project Build Discarder
Finished at Thu Nov 05 12:34:05 UTC 2020. 29ms
Started at Thu Nov 05 13:34:05 UTC 2020
Processing msapractice
Offering msapractice to Project Build Discarder
Processing pipelinetest
Offering pipelinetest to Project Build Discarder
Processing pipelinetest2
Offering pipelinetest2 to Project Build Discarder
Processing pipelinetest3
Offering pipelinetest3 to Project Build Discarder
Finished at Thu Nov 05 13:34:05 UTC 2020. 71ms
Started at Thu Nov 05 14:34:05 UTC 2020
Processing msapractice
Offering msapractice to Project Build Discarder
Processing pipelinetest
Offering pipelinetest to Project Build Discarder
Processing pipelinetest2
Offering pipelinetest2 to Project Build Discarder
Processing pipelinetest3
Offering pipelinetest3 to Project Build Discarder
Finished at Thu Nov 05 14:34:05 UTC 2020. 2ms
Started at Thu Nov 05 15:34:05 UTC 2020
Processing msapractice
Offering msapractice to Project Build Discarder
Processing pipelinetest
Offering pipelinetest to Project Build Discarder
Processing pipelinetest2
Offering pipelinetest2 to Project Build Discarder
Processing pipelinetest3
Offering pipelinetest3 to Project Build Discarder
Finished at Thu Nov 05 15:34:05 UTC 2020. 12ms
Started at Thu Nov 05 16:34:05 UTC 2020
Processing msapractice
Offering msapractice to Project Build Discarder
Processing pipelinetest
Offering pipelinetest to Project Build Discarder
Processing pipelinetest2
Offering pipelinetest2 to Project Build Discarder
Processing pipelinetest3
Offering pipelinetest3 to Project Build Discarder
Finished at Thu Nov 05 16:34:05 UTC 2020. 27ms
